<?xml version="1.0" encoding="UTF-8"?>
<!-- Generated by org.testng.reporters.JUnitReportReporter -->
<testsuite hostname="DESKTOP-MFUK9FU" failures="0" tests="1" name="test.Logintest" time="15.567" errors="0" timestamp="2024-11-03T19:54:54 IST" skipped="0">
  <testcase classname="test.Logintest" name="verifyLoginWithValidCread" time="15.567"/>
  <system-out/>
</testsuite> <!-- test.Logintest -->
