<?xml version="1.0" encoding="UTF-8"?>
<!-- Generated by org.testng.reporters.JUnitReportReporter -->
<testsuite hostname="DESKTOP-MFUK9FU" failures="0" tests="1" name="test.Producttest" time="13.514" errors="0" timestamp="2024-11-03T19:55:48 IST" skipped="0">
  <testcase classname="test.Producttest" name="addtocart" time="13.514"/>
  <system-out/>
</testsuite> <!-- test.Producttest -->
