<?xml version="1.0" encoding="UTF-8"?>
<!-- Generated by org.testng.reporters.JUnitReportReporter -->
<testsuite hostname="DESKTOP-MFUK9FU" failures="0" tests="1" name="test.Checkouttest" time="9.921" errors="0" timestamp="2024-11-03T19:58:10 IST" skipped="0">
  <testcase classname="test.Checkouttest" name="addtocart" time="9.921"/>
  <system-out/>
</testsuite> <!-- test.Checkouttest -->
