<?xml version="1.0" encoding="UTF-8"?>
<!-- Generated by org.testng.reporters.JUnitReportReporter -->
<testsuite hostname="DESKTOP-MFUK9FU" failures="0" tests="1" name="test.InformationandLogouttest" time="17.443" errors="0" timestamp="2024-11-07T12:31:10 IST" skipped="0">
  <testcase classname="test.InformationandLogouttest" name="addtocart" time="17.443"/>
  <system-out/>
</testsuite> <!-- test.InformationandLogouttest -->
